<?xml version="1.0" encoding="UTF-8" ?>
<testsuite tests="0" failures="0" name="TestSuite" time="0.273" errors="0" skipped="0">
  <properties>
    <property name="java.runtime.name" value="OpenJDK Runtime Environment"/>
    <property name="java.vm.version" value="15.0.1+9"/>
    <property name="sun.boot.library.path" value="/usr/local/Cellar/openjdk/15.0.1/libexec/openjdk.jdk/Contents/Home/lib"/>
    <property name="java.vm.vendor" value="Oracle Corporation"/>
    <property name="java.vendor.url" value="https://openjdk.java.net/"/>
    <property name="path.separator" value=":"/>
    <property name="java.vm.name" value="OpenJDK 64-Bit Server VM"/>
    <property name="user.country" value="BR"/>
    <property name="sun.java.launcher" value="SUN_STANDARD"/>
    <property name="java.vm.specification.name" value="Java Virtual Machine Specification"/>
    <property name="user.dir" value="/Users/dennysbarros/cesar_school/talkDeskProject"/>
    <property name="java.vm.compressedOopsMode" value="Zero based"/>
    <property name="java.runtime.version" value="15.0.1+9"/>
    <property name="basedir" value="/Users/dennysbarros/cesar_school/talkDeskProject"/>
    <property name="os.arch" value="x86_64"/>
    <property name="surefire.real.class.path" value="/Users/dennysbarros/cesar_school/talkDeskProject/target/surefire/surefirebooter8395668332488097141.jar"/>
    <property name="java.io.tmpdir" value="/var/folders/zs/cy2s_83n5v911rr5v7vc6hrw0000gp/T/"/>
    <property name="line.separator" value="
"/>
    <property name="java.vm.specification.vendor" value="Oracle Corporation"/>
    <property name="os.name" value="Mac OS X"/>
    <property name="sun.jnu.encoding" value="UTF-8"/>
    <property name="java.library.path" value="/Users/dennysbarros/Library/Java/Extensions:/Library/Java/Extensions:/Network/Library/Java/Extensions:/System/Library/Java/Extensions:/usr/lib/java:."/>
    <property name="surefire.test.class.path" value="/Users/dennysbarros/cesar_school/talkDeskProject/target/test-classes:/Users/dennysbarros/cesar_school/talkDeskProject/target/classes:/Users/dennysbarros/.m2/repository/org/springframework/boot/spring-boot-starter/2.1.13.RELEASE/spring-boot-starter-2.1.13.RELEASE.jar:/Users/dennysbarros/.m2/repository/org/springframework/boot/spring-boot/2.1.13.RELEASE/spring-boot-2.1.13.RELEASE.jar:/Users/dennysbarros/.m2/repository/org/springframework/spring-context/5.1.14.RELEASE/spring-context-5.1.14.RELEASE.jar:/Users/dennysbarros/.m2/repository/org/springframework/boot/spring-boot-autoconfigure/2.1.13.RELEASE/spring-boot-autoconfigure-2.1.13.RELEASE.jar:/Users/dennysbarros/.m2/repository/org/springframework/boot/spring-boot-starter-logging/2.1.13.RELEASE/spring-boot-starter-logging-2.1.13.RELEASE.jar:/Users/dennysbarros/.m2/repository/ch/qos/logback/logback-classic/1.2.3/logback-classic-1.2.3.jar:/Users/dennysbarros/.m2/repository/ch/qos/logback/logback-core/1.2.3/logback-core-1.2.3.jar:/Users/dennysbarros/.m2/repository/org/apache/logging/log4j/log4j-to-slf4j/2.11.2/log4j-to-slf4j-2.11.2.jar:/Users/dennysbarros/.m2/repository/org/apache/logging/log4j/log4j-api/2.11.2/log4j-api-2.11.2.jar:/Users/dennysbarros/.m2/repository/org/slf4j/jul-to-slf4j/1.7.30/jul-to-slf4j-1.7.30.jar:/Users/dennysbarros/.m2/repository/javax/annotation/javax.annotation-api/1.3.2/javax.annotation-api-1.3.2.jar:/Users/dennysbarros/.m2/repository/org/springframework/spring-core/5.1.14.RELEASE/spring-core-5.1.14.RELEASE.jar:/Users/dennysbarros/.m2/repository/org/springframework/spring-jcl/5.1.14.RELEASE/spring-jcl-5.1.14.RELEASE.jar:/Users/dennysbarros/.m2/repository/org/yaml/snakeyaml/1.23/snakeyaml-1.23.jar:/Users/dennysbarros/.m2/repository/org/springframework/boot/spring-boot-starter-web/2.1.13.RELEASE/spring-boot-starter-web-2.1.13.RELEASE.jar:/Users/dennysbarros/.m2/repository/org/springframework/boot/spring-boot-starter-json/2.1.13.RELEASE/spring-boot-starter-json-2.1.13.RELEASE.jar:/Users/dennysbarros/.m2/repository/com/fasterxml/jackson/core/jackson-databind/2.9.10.3/jackson-databind-2.9.10.3.jar:/Users/dennysbarros/.m2/repository/com/fasterxml/jackson/core/jackson-annotations/2.9.10/jackson-annotations-2.9.10.jar:/Users/dennysbarros/.m2/repository/com/fasterxml/jackson/core/jackson-core/2.9.10/jackson-core-2.9.10.jar:/Users/dennysbarros/.m2/repository/com/fasterxml/jackson/datatype/jackson-datatype-jdk8/2.9.10/jackson-datatype-jdk8-2.9.10.jar:/Users/dennysbarros/.m2/repository/com/fasterxml/jackson/datatype/jackson-datatype-jsr310/2.9.10/jackson-datatype-jsr310-2.9.10.jar:/Users/dennysbarros/.m2/repository/com/fasterxml/jackson/module/jackson-module-parameter-names/2.9.10/jackson-module-parameter-names-2.9.10.jar:/Users/dennysbarros/.m2/repository/org/springframework/boot/spring-boot-starter-tomcat/2.1.13.RELEASE/spring-boot-starter-tomcat-2.1.13.RELEASE.jar:/Users/dennysbarros/.m2/repository/org/apache/tomcat/embed/tomcat-embed-core/9.0.31/tomcat-embed-core-9.0.31.jar:/Users/dennysbarros/.m2/repository/org/apache/tomcat/embed/tomcat-embed-el/9.0.31/tomcat-embed-el-9.0.31.jar:/Users/dennysbarros/.m2/repository/org/apache/tomcat/embed/tomcat-embed-websocket/9.0.31/tomcat-embed-websocket-9.0.31.jar:/Users/dennysbarros/.m2/repository/org/hibernate/validator/hibernate-validator/6.0.18.Final/hibernate-validator-6.0.18.Final.jar:/Users/dennysbarros/.m2/repository/javax/validation/validation-api/2.0.1.Final/validation-api-2.0.1.Final.jar:/Users/dennysbarros/.m2/repository/org/jboss/logging/jboss-logging/3.3.3.Final/jboss-logging-3.3.3.Final.jar:/Users/dennysbarros/.m2/repository/com/fasterxml/classmate/1.4.0/classmate-1.4.0.jar:/Users/dennysbarros/.m2/repository/org/springframework/spring-web/5.1.14.RELEASE/spring-web-5.1.14.RELEASE.jar:/Users/dennysbarros/.m2/repository/org/springframework/spring-beans/5.1.14.RELEASE/spring-beans-5.1.14.RELEASE.jar:/Users/dennysbarros/.m2/repository/org/springframework/spring-webmvc/5.1.14.RELEASE/spring-webmvc-5.1.14.RELEASE.jar:/Users/dennysbarros/.m2/repository/org/springframework/spring-aop/5.1.14.RELEASE/spring-aop-5.1.14.RELEASE.jar:/Users/dennysbarros/.m2/repository/org/springframework/spring-expression/5.1.14.RELEASE/spring-expression-5.1.14.RELEASE.jar:/Users/dennysbarros/.m2/repository/org/springframework/boot/spring-boot-starter-data-jpa/2.1.13.RELEASE/spring-boot-starter-data-jpa-2.1.13.RELEASE.jar:/Users/dennysbarros/.m2/repository/org/springframework/boot/spring-boot-starter-aop/2.1.13.RELEASE/spring-boot-starter-aop-2.1.13.RELEASE.jar:/Users/dennysbarros/.m2/repository/org/aspectj/aspectjweaver/1.9.5/aspectjweaver-1.9.5.jar:/Users/dennysbarros/.m2/repository/org/springframework/boot/spring-boot-starter-jdbc/2.1.13.RELEASE/spring-boot-starter-jdbc-2.1.13.RELEASE.jar:/Users/dennysbarros/.m2/repository/com/zaxxer/HikariCP/3.2.0/HikariCP-3.2.0.jar:/Users/dennysbarros/.m2/repository/org/springframework/spring-jdbc/5.1.14.RELEASE/spring-jdbc-5.1.14.RELEASE.jar:/Users/dennysbarros/.m2/repository/javax/transaction/javax.transaction-api/1.3/javax.transaction-api-1.3.jar:/Users/dennysbarros/.m2/repository/javax/xml/bind/jaxb-api/2.3.1/jaxb-api-2.3.1.jar:/Users/dennysbarros/.m2/repository/javax/activation/javax.activation-api/1.2.0/javax.activation-api-1.2.0.jar:/Users/dennysbarros/.m2/repository/org/hibernate/hibernate-core/5.3.15.Final/hibernate-core-5.3.15.Final.jar:/Users/dennysbarros/.m2/repository/javax/persistence/javax.persistence-api/2.2/javax.persistence-api-2.2.jar:/Users/dennysbarros/.m2/repository/org/javassist/javassist/3.23.2-GA/javassist-3.23.2-GA.jar:/Users/dennysbarros/.m2/repository/antlr/antlr/2.7.7/antlr-2.7.7.jar:/Users/dennysbarros/.m2/repository/org/jboss/jandex/2.0.5.Final/jandex-2.0.5.Final.jar:/Users/dennysbarros/.m2/repository/org/dom4j/dom4j/2.1.1/dom4j-2.1.1.jar:/Users/dennysbarros/.m2/repository/org/hibernate/common/hibernate-commons-annotations/5.0.4.Final/hibernate-commons-annotations-5.0.4.Final.jar:/Users/dennysbarros/.m2/repository/org/glassfish/jaxb/jaxb-runtime/2.3.1/jaxb-runtime-2.3.1.jar:/Users/dennysbarros/.m2/repository/org/glassfish/jaxb/txw2/2.3.1/txw2-2.3.1.jar:/Users/dennysbarros/.m2/repository/com/sun/istack/istack-commons-runtime/3.0.7/istack-commons-runtime-3.0.7.jar:/Users/dennysbarros/.m2/repository/org/jvnet/staxex/stax-ex/1.8/stax-ex-1.8.jar:/Users/dennysbarros/.m2/repository/com/sun/xml/fastinfoset/FastInfoset/1.2.15/FastInfoset-1.2.15.jar:/Users/dennysbarros/.m2/repository/org/springframework/data/spring-data-jpa/2.1.16.RELEASE/spring-data-jpa-2.1.16.RELEASE.jar:/Users/dennysbarros/.m2/repository/org/springframework/data/spring-data-commons/2.1.16.RELEASE/spring-data-commons-2.1.16.RELEASE.jar:/Users/dennysbarros/.m2/repository/org/springframework/spring-orm/5.1.14.RELEASE/spring-orm-5.1.14.RELEASE.jar:/Users/dennysbarros/.m2/repository/org/springframework/spring-tx/5.1.14.RELEASE/spring-tx-5.1.14.RELEASE.jar:/Users/dennysbarros/.m2/repository/org/slf4j/slf4j-api/1.7.30/slf4j-api-1.7.30.jar:/Users/dennysbarros/.m2/repository/org/springframework/spring-aspects/5.1.14.RELEASE/spring-aspects-5.1.14.RELEASE.jar:/Users/dennysbarros/.m2/repository/mysql/mysql-connector-java/8.0.19/mysql-connector-java-8.0.19.jar:/Users/dennysbarros/.m2/repository/org/springframework/boot/spring-boot-starter-test/2.1.13.RELEASE/spring-boot-starter-test-2.1.13.RELEASE.jar:/Users/dennysbarros/.m2/repository/org/springframework/boot/spring-boot-test/2.1.13.RELEASE/spring-boot-test-2.1.13.RELEASE.jar:/Users/dennysbarros/.m2/repository/org/springframework/boot/spring-boot-test-autoconfigure/2.1.13.RELEASE/spring-boot-test-autoconfigure-2.1.13.RELEASE.jar:/Users/dennysbarros/.m2/repository/com/jayway/jsonpath/json-path/2.4.0/json-path-2.4.0.jar:/Users/dennysbarros/.m2/repository/net/minidev/json-smart/2.3/json-smart-2.3.jar:/Users/dennysbarros/.m2/repository/net/minidev/accessors-smart/1.2/accessors-smart-1.2.jar:/Users/dennysbarros/.m2/repository/org/ow2/asm/asm/5.0.4/asm-5.0.4.jar:/Users/dennysbarros/.m2/repository/org/assertj/assertj-core/3.11.1/assertj-core-3.11.1.jar:/Users/dennysbarros/.m2/repository/org/hamcrest/hamcrest-library/1.3/hamcrest-library-1.3.jar:/Users/dennysbarros/.m2/repository/org/skyscreamer/jsonassert/1.5.0/jsonassert-1.5.0.jar:/Users/dennysbarros/.m2/repository/com/vaadin/external/google/android-json/0.0.20131108.vaadin1/android-json-0.0.20131108.vaadin1.jar:/Users/dennysbarros/.m2/repository/org/springframework/spring-test/5.1.14.RELEASE/spring-test-5.1.14.RELEASE.jar:/Users/dennysbarros/.m2/repository/org/xmlunit/xmlunit-core/2.6.3/xmlunit-core-2.6.3.jar:/Users/dennysbarros/.m2/repository/junit/junit/4.12/junit-4.12.jar:/Users/dennysbarros/.m2/repository/org/apache/httpcomponents/httpclient/4.3.6/httpclient-4.3.6.jar:/Users/dennysbarros/.m2/repository/org/apache/httpcomponents/httpcore/4.4.13/httpcore-4.4.13.jar:/Users/dennysbarros/.m2/repository/commons-codec/commons-codec/1.11/commons-codec-1.11.jar:/Users/dennysbarros/.m2/repository/org/junit/jupiter/junit-jupiter/5.7.0/junit-jupiter-5.7.0.jar:/Users/dennysbarros/.m2/repository/org/junit/jupiter/junit-jupiter-api/5.3.2/junit-jupiter-api-5.3.2.jar:/Users/dennysbarros/.m2/repository/org/apiguardian/apiguardian-api/1.0.0/apiguardian-api-1.0.0.jar:/Users/dennysbarros/.m2/repository/org/opentest4j/opentest4j/1.1.1/opentest4j-1.1.1.jar:/Users/dennysbarros/.m2/repository/org/junit/platform/junit-platform-commons/1.3.2/junit-platform-commons-1.3.2.jar:/Users/dennysbarros/.m2/repository/org/junit/jupiter/junit-jupiter-params/5.3.2/junit-jupiter-params-5.3.2.jar:/Users/dennysbarros/.m2/repository/org/junit/jupiter/junit-jupiter-engine/5.3.2/junit-jupiter-engine-5.3.2.jar:/Users/dennysbarros/.m2/repository/org/junit/platform/junit-platform-engine/1.3.2/junit-platform-engine-1.3.2.jar:/Users/dennysbarros/.m2/repository/org/hamcrest/hamcrest-core/1.3/hamcrest-core-1.3.jar:/Users/dennysbarros/.m2/repository/org/mockito/mockito-core/2.23.4/mockito-core-2.23.4.jar:/Users/dennysbarros/.m2/repository/net/bytebuddy/byte-buddy/1.9.16/byte-buddy-1.9.16.jar:/Users/dennysbarros/.m2/repository/net/bytebuddy/byte-buddy-agent/1.9.16/byte-buddy-agent-1.9.16.jar:/Users/dennysbarros/.m2/repository/org/objenesis/objenesis/2.6/objenesis-2.6.jar:/Users/dennysbarros/.m2/repository/org/mockito/mockito-junit-jupiter/2.23.4/mockito-junit-jupiter-2.23.4.jar:/Users/dennysbarros/.m2/repository/org/testng/testng/7.3.0/testng-7.3.0.jar:/Users/dennysbarros/.m2/repository/com/beust/jcommander/1.78/jcommander-1.78.jar:/Users/dennysbarros/.m2/repository/org/apache/ant/ant/1.10.3/ant-1.10.3.jar:/Users/dennysbarros/.m2/repository/org/apache/ant/ant-launcher/1.10.3/ant-launcher-1.10.3.jar:/Users/dennysbarros/.m2/repository/com/google/inject/guice/4.2.2/guice-4.2.2-no_aop.jar:/Users/dennysbarros/.m2/repository/javax/inject/javax.inject/1/javax.inject-1.jar:/Users/dennysbarros/.m2/repository/aopalliance/aopalliance/1.0/aopalliance-1.0.jar:/Users/dennysbarros/.m2/repository/com/google/guava/guava/25.1-android/guava-25.1-android.jar:/Users/dennysbarros/.m2/repository/com/google/code/findbugs/jsr305/3.0.2/jsr305-3.0.2.jar:/Users/dennysbarros/.m2/repository/org/checkerframework/checker-compat-qual/2.0.0/checker-compat-qual-2.0.0.jar:/Users/dennysbarros/.m2/repository/com/google/errorprone/error_prone_annotations/2.1.3/error_prone_annotations-2.1.3.jar:/Users/dennysbarros/.m2/repository/com/google/j2objc/j2objc-annotations/1.1/j2objc-annotations-1.1.jar:/Users/dennysbarros/.m2/repository/org/codehaus/mojo/animal-sniffer-annotations/1.14/animal-sniffer-annotations-1.14.jar:/Users/dennysbarros/.m2/repository/org/apache/maven/surefire/surefire-testng-utils/2.8.1/surefire-testng-utils-2.8.1.jar:"/>
    <property name="jdk.debug" value="release"/>
    <property name="java.class.version" value="59.0"/>
    <property name="java.specification.name" value="Java Platform API Specification"/>
    <property name="sun.management.compiler" value="HotSpot 64-Bit Tiered Compilers"/>
    <property name="os.version" value="10.15.7"/>
    <property name="http.nonProxyHosts" value="local|*.local|169.254/16|*.169.254/16"/>
    <property name="user.home" value="/Users/dennysbarros"/>
    <property name="user.timezone" value="America/Recife"/>
    <property name="file.encoding" value="UTF-8"/>
    <property name="java.specification.version" value="15"/>
    <property name="user.name" value="dennysbarros"/>
    <property name="java.class.path" value="/Users/dennysbarros/cesar_school/talkDeskProject/target/test-classes:/Users/dennysbarros/cesar_school/talkDeskProject/target/classes:/Users/dennysbarros/.m2/repository/org/springframework/boot/spring-boot-starter/2.1.13.RELEASE/spring-boot-starter-2.1.13.RELEASE.jar:/Users/dennysbarros/.m2/repository/org/springframework/boot/spring-boot/2.1.13.RELEASE/spring-boot-2.1.13.RELEASE.jar:/Users/dennysbarros/.m2/repository/org/springframework/spring-context/5.1.14.RELEASE/spring-context-5.1.14.RELEASE.jar:/Users/dennysbarros/.m2/repository/org/springframework/boot/spring-boot-autoconfigure/2.1.13.RELEASE/spring-boot-autoconfigure-2.1.13.RELEASE.jar:/Users/dennysbarros/.m2/repository/org/springframework/boot/spring-boot-starter-logging/2.1.13.RELEASE/spring-boot-starter-logging-2.1.13.RELEASE.jar:/Users/dennysbarros/.m2/repository/ch/qos/logback/logback-classic/1.2.3/logback-classic-1.2.3.jar:/Users/dennysbarros/.m2/repository/ch/qos/logback/logback-core/1.2.3/logback-core-1.2.3.jar:/Users/dennysbarros/.m2/repository/org/apache/logging/log4j/log4j-to-slf4j/2.11.2/log4j-to-slf4j-2.11.2.jar:/Users/dennysbarros/.m2/repository/org/apache/logging/log4j/log4j-api/2.11.2/log4j-api-2.11.2.jar:/Users/dennysbarros/.m2/repository/org/slf4j/jul-to-slf4j/1.7.30/jul-to-slf4j-1.7.30.jar:/Users/dennysbarros/.m2/repository/javax/annotation/javax.annotation-api/1.3.2/javax.annotation-api-1.3.2.jar:/Users/dennysbarros/.m2/repository/org/springframework/spring-core/5.1.14.RELEASE/spring-core-5.1.14.RELEASE.jar:/Users/dennysbarros/.m2/repository/org/springframework/spring-jcl/5.1.14.RELEASE/spring-jcl-5.1.14.RELEASE.jar:/Users/dennysbarros/.m2/repository/org/yaml/snakeyaml/1.23/snakeyaml-1.23.jar:/Users/dennysbarros/.m2/repository/org/springframework/boot/spring-boot-starter-web/2.1.13.RELEASE/spring-boot-starter-web-2.1.13.RELEASE.jar:/Users/dennysbarros/.m2/repository/org/springframework/boot/spring-boot-starter-json/2.1.13.RELEASE/spring-boot-starter-json-2.1.13.RELEASE.jar:/Users/dennysbarros/.m2/repository/com/fasterxml/jackson/core/jackson-databind/2.9.10.3/jackson-databind-2.9.10.3.jar:/Users/dennysbarros/.m2/repository/com/fasterxml/jackson/core/jackson-annotations/2.9.10/jackson-annotations-2.9.10.jar:/Users/dennysbarros/.m2/repository/com/fasterxml/jackson/core/jackson-core/2.9.10/jackson-core-2.9.10.jar:/Users/dennysbarros/.m2/repository/com/fasterxml/jackson/datatype/jackson-datatype-jdk8/2.9.10/jackson-datatype-jdk8-2.9.10.jar:/Users/dennysbarros/.m2/repository/com/fasterxml/jackson/datatype/jackson-datatype-jsr310/2.9.10/jackson-datatype-jsr310-2.9.10.jar:/Users/dennysbarros/.m2/repository/com/fasterxml/jackson/module/jackson-module-parameter-names/2.9.10/jackson-module-parameter-names-2.9.10.jar:/Users/dennysbarros/.m2/repository/org/springframework/boot/spring-boot-starter-tomcat/2.1.13.RELEASE/spring-boot-starter-tomcat-2.1.13.RELEASE.jar:/Users/dennysbarros/.m2/repository/org/apache/tomcat/embed/tomcat-embed-core/9.0.31/tomcat-embed-core-9.0.31.jar:/Users/dennysbarros/.m2/repository/org/apache/tomcat/embed/tomcat-embed-el/9.0.31/tomcat-embed-el-9.0.31.jar:/Users/dennysbarros/.m2/repository/org/apache/tomcat/embed/tomcat-embed-websocket/9.0.31/tomcat-embed-websocket-9.0.31.jar:/Users/dennysbarros/.m2/repository/org/hibernate/validator/hibernate-validator/6.0.18.Final/hibernate-validator-6.0.18.Final.jar:/Users/dennysbarros/.m2/repository/javax/validation/validation-api/2.0.1.Final/validation-api-2.0.1.Final.jar:/Users/dennysbarros/.m2/repository/org/jboss/logging/jboss-logging/3.3.3.Final/jboss-logging-3.3.3.Final.jar:/Users/dennysbarros/.m2/repository/com/fasterxml/classmate/1.4.0/classmate-1.4.0.jar:/Users/dennysbarros/.m2/repository/org/springframework/spring-web/5.1.14.RELEASE/spring-web-5.1.14.RELEASE.jar:/Users/dennysbarros/.m2/repository/org/springframework/spring-beans/5.1.14.RELEASE/spring-beans-5.1.14.RELEASE.jar:/Users/dennysbarros/.m2/repository/org/springframework/spring-webmvc/5.1.14.RELEASE/spring-webmvc-5.1.14.RELEASE.jar:/Users/dennysbarros/.m2/repository/org/springframework/spring-aop/5.1.14.RELEASE/spring-aop-5.1.14.RELEASE.jar:/Users/dennysbarros/.m2/repository/org/springframework/spring-expression/5.1.14.RELEASE/spring-expression-5.1.14.RELEASE.jar:/Users/dennysbarros/.m2/repository/org/springframework/boot/spring-boot-starter-data-jpa/2.1.13.RELEASE/spring-boot-starter-data-jpa-2.1.13.RELEASE.jar:/Users/dennysbarros/.m2/repository/org/springframework/boot/spring-boot-starter-aop/2.1.13.RELEASE/spring-boot-starter-aop-2.1.13.RELEASE.jar:/Users/dennysbarros/.m2/repository/org/aspectj/aspectjweaver/1.9.5/aspectjweaver-1.9.5.jar:/Users/dennysbarros/.m2/repository/org/springframework/boot/spring-boot-starter-jdbc/2.1.13.RELEASE/spring-boot-starter-jdbc-2.1.13.RELEASE.jar:/Users/dennysbarros/.m2/repository/com/zaxxer/HikariCP/3.2.0/HikariCP-3.2.0.jar:/Users/dennysbarros/.m2/repository/org/springframework/spring-jdbc/5.1.14.RELEASE/spring-jdbc-5.1.14.RELEASE.jar:/Users/dennysbarros/.m2/repository/javax/transaction/javax.transaction-api/1.3/javax.transaction-api-1.3.jar:/Users/dennysbarros/.m2/repository/javax/xml/bind/jaxb-api/2.3.1/jaxb-api-2.3.1.jar:/Users/dennysbarros/.m2/repository/javax/activation/javax.activation-api/1.2.0/javax.activation-api-1.2.0.jar:/Users/dennysbarros/.m2/repository/org/hibernate/hibernate-core/5.3.15.Final/hibernate-core-5.3.15.Final.jar:/Users/dennysbarros/.m2/repository/javax/persistence/javax.persistence-api/2.2/javax.persistence-api-2.2.jar:/Users/dennysbarros/.m2/repository/org/javassist/javassist/3.23.2-GA/javassist-3.23.2-GA.jar:/Users/dennysbarros/.m2/repository/antlr/antlr/2.7.7/antlr-2.7.7.jar:/Users/dennysbarros/.m2/repository/org/jboss/jandex/2.0.5.Final/jandex-2.0.5.Final.jar:/Users/dennysbarros/.m2/repository/org/dom4j/dom4j/2.1.1/dom4j-2.1.1.jar:/Users/dennysbarros/.m2/repository/org/hibernate/common/hibernate-commons-annotations/5.0.4.Final/hibernate-commons-annotations-5.0.4.Final.jar:/Users/dennysbarros/.m2/repository/org/glassfish/jaxb/jaxb-runtime/2.3.1/jaxb-runtime-2.3.1.jar:/Users/dennysbarros/.m2/repository/org/glassfish/jaxb/txw2/2.3.1/txw2-2.3.1.jar:/Users/dennysbarros/.m2/repository/com/sun/istack/istack-commons-runtime/3.0.7/istack-commons-runtime-3.0.7.jar:/Users/dennysbarros/.m2/repository/org/jvnet/staxex/stax-ex/1.8/stax-ex-1.8.jar:/Users/dennysbarros/.m2/repository/com/sun/xml/fastinfoset/FastInfoset/1.2.15/FastInfoset-1.2.15.jar:/Users/dennysbarros/.m2/repository/org/springframework/data/spring-data-jpa/2.1.16.RELEASE/spring-data-jpa-2.1.16.RELEASE.jar:/Users/dennysbarros/.m2/repository/org/springframework/data/spring-data-commons/2.1.16.RELEASE/spring-data-commons-2.1.16.RELEASE.jar:/Users/dennysbarros/.m2/repository/org/springframework/spring-orm/5.1.14.RELEASE/spring-orm-5.1.14.RELEASE.jar:/Users/dennysbarros/.m2/repository/org/springframework/spring-tx/5.1.14.RELEASE/spring-tx-5.1.14.RELEASE.jar:/Users/dennysbarros/.m2/repository/org/slf4j/slf4j-api/1.7.30/slf4j-api-1.7.30.jar:/Users/dennysbarros/.m2/repository/org/springframework/spring-aspects/5.1.14.RELEASE/spring-aspects-5.1.14.RELEASE.jar:/Users/dennysbarros/.m2/repository/mysql/mysql-connector-java/8.0.19/mysql-connector-java-8.0.19.jar:/Users/dennysbarros/.m2/repository/org/springframework/boot/spring-boot-starter-test/2.1.13.RELEASE/spring-boot-starter-test-2.1.13.RELEASE.jar:/Users/dennysbarros/.m2/repository/org/springframework/boot/spring-boot-test/2.1.13.RELEASE/spring-boot-test-2.1.13.RELEASE.jar:/Users/dennysbarros/.m2/repository/org/springframework/boot/spring-boot-test-autoconfigure/2.1.13.RELEASE/spring-boot-test-autoconfigure-2.1.13.RELEASE.jar:/Users/dennysbarros/.m2/repository/com/jayway/jsonpath/json-path/2.4.0/json-path-2.4.0.jar:/Users/dennysbarros/.m2/repository/net/minidev/json-smart/2.3/json-smart-2.3.jar:/Users/dennysbarros/.m2/repository/net/minidev/accessors-smart/1.2/accessors-smart-1.2.jar:/Users/dennysbarros/.m2/repository/org/ow2/asm/asm/5.0.4/asm-5.0.4.jar:/Users/dennysbarros/.m2/repository/org/assertj/assertj-core/3.11.1/assertj-core-3.11.1.jar:/Users/dennysbarros/.m2/repository/org/hamcrest/hamcrest-library/1.3/hamcrest-library-1.3.jar:/Users/dennysbarros/.m2/repository/org/skyscreamer/jsonassert/1.5.0/jsonassert-1.5.0.jar:/Users/dennysbarros/.m2/repository/com/vaadin/external/google/android-json/0.0.20131108.vaadin1/android-json-0.0.20131108.vaadin1.jar:/Users/dennysbarros/.m2/repository/org/springframework/spring-test/5.1.14.RELEASE/spring-test-5.1.14.RELEASE.jar:/Users/dennysbarros/.m2/repository/org/xmlunit/xmlunit-core/2.6.3/xmlunit-core-2.6.3.jar:/Users/dennysbarros/.m2/repository/junit/junit/4.12/junit-4.12.jar:/Users/dennysbarros/.m2/repository/org/apache/httpcomponents/httpclient/4.3.6/httpclient-4.3.6.jar:/Users/dennysbarros/.m2/repository/org/apache/httpcomponents/httpcore/4.4.13/httpcore-4.4.13.jar:/Users/dennysbarros/.m2/repository/commons-codec/commons-codec/1.11/commons-codec-1.11.jar:/Users/dennysbarros/.m2/repository/org/junit/jupiter/junit-jupiter/5.7.0/junit-jupiter-5.7.0.jar:/Users/dennysbarros/.m2/repository/org/junit/jupiter/junit-jupiter-api/5.3.2/junit-jupiter-api-5.3.2.jar:/Users/dennysbarros/.m2/repository/org/apiguardian/apiguardian-api/1.0.0/apiguardian-api-1.0.0.jar:/Users/dennysbarros/.m2/repository/org/opentest4j/opentest4j/1.1.1/opentest4j-1.1.1.jar:/Users/dennysbarros/.m2/repository/org/junit/platform/junit-platform-commons/1.3.2/junit-platform-commons-1.3.2.jar:/Users/dennysbarros/.m2/repository/org/junit/jupiter/junit-jupiter-params/5.3.2/junit-jupiter-params-5.3.2.jar:/Users/dennysbarros/.m2/repository/org/junit/jupiter/junit-jupiter-engine/5.3.2/junit-jupiter-engine-5.3.2.jar:/Users/dennysbarros/.m2/repository/org/junit/platform/junit-platform-engine/1.3.2/junit-platform-engine-1.3.2.jar:/Users/dennysbarros/.m2/repository/org/hamcrest/hamcrest-core/1.3/hamcrest-core-1.3.jar:/Users/dennysbarros/.m2/repository/org/mockito/mockito-core/2.23.4/mockito-core-2.23.4.jar:/Users/dennysbarros/.m2/repository/net/bytebuddy/byte-buddy/1.9.16/byte-buddy-1.9.16.jar:/Users/dennysbarros/.m2/repository/net/bytebuddy/byte-buddy-agent/1.9.16/byte-buddy-agent-1.9.16.jar:/Users/dennysbarros/.m2/repository/org/objenesis/objenesis/2.6/objenesis-2.6.jar:/Users/dennysbarros/.m2/repository/org/mockito/mockito-junit-jupiter/2.23.4/mockito-junit-jupiter-2.23.4.jar:/Users/dennysbarros/.m2/repository/org/testng/testng/7.3.0/testng-7.3.0.jar:/Users/dennysbarros/.m2/repository/com/beust/jcommander/1.78/jcommander-1.78.jar:/Users/dennysbarros/.m2/repository/org/apache/ant/ant/1.10.3/ant-1.10.3.jar:/Users/dennysbarros/.m2/repository/org/apache/ant/ant-launcher/1.10.3/ant-launcher-1.10.3.jar:/Users/dennysbarros/.m2/repository/com/google/inject/guice/4.2.2/guice-4.2.2-no_aop.jar:/Users/dennysbarros/.m2/repository/javax/inject/javax.inject/1/javax.inject-1.jar:/Users/dennysbarros/.m2/repository/aopalliance/aopalliance/1.0/aopalliance-1.0.jar:/Users/dennysbarros/.m2/repository/com/google/guava/guava/25.1-android/guava-25.1-android.jar:/Users/dennysbarros/.m2/repository/com/google/code/findbugs/jsr305/3.0.2/jsr305-3.0.2.jar:/Users/dennysbarros/.m2/repository/org/checkerframework/checker-compat-qual/2.0.0/checker-compat-qual-2.0.0.jar:/Users/dennysbarros/.m2/repository/com/google/errorprone/error_prone_annotations/2.1.3/error_prone_annotations-2.1.3.jar:/Users/dennysbarros/.m2/repository/com/google/j2objc/j2objc-annotations/1.1/j2objc-annotations-1.1.jar:/Users/dennysbarros/.m2/repository/org/codehaus/mojo/animal-sniffer-annotations/1.14/animal-sniffer-annotations-1.14.jar:/Users/dennysbarros/.m2/repository/org/apache/maven/surefire/surefire-testng-utils/2.8.1/surefire-testng-utils-2.8.1.jar:"/>
    <property name="java.vm.specification.version" value="15"/>
    <property name="sun.arch.data.model" value="64"/>
    <property name="sun.java.command" value="/Users/dennysbarros/cesar_school/talkDeskProject/target/surefire/surefirebooter8395668332488097141.jar /Users/dennysbarros/cesar_school/talkDeskProject/target/surefire/surefire2388469629875210317tmp /Users/dennysbarros/cesar_school/talkDeskProject/target/surefire/surefire3025838656651722572tmp"/>
    <property name="java.home" value="/usr/local/Cellar/openjdk/15.0.1/libexec/openjdk.jdk/Contents/Home"/>
    <property name="user.language" value="en"/>
    <property name="java.specification.vendor" value="Oracle Corporation"/>
    <property name="java.vm.info" value="mixed mode, sharing"/>
    <property name="java.version" value="15.0.1"/>
    <property name="java.vendor" value="N/A"/>
    <property name="localRepository" value="/Users/dennysbarros/.m2/repository"/>
    <property name="file.separator" value="/"/>
    <property name="java.version.date" value="2020-10-20"/>
    <property name="java.vendor.url.bug" value="https://bugreport.java.com/bugreport/"/>
    <property name="sun.io.unicode.encoding" value="UnicodeBig"/>
    <property name="sun.cpu.endian" value="little"/>
    <property name="socksNonProxyHosts" value="local|*.local|169.254/16|*.169.254/16"/>
    <property name="ftp.nonProxyHosts" value="local|*.local|169.254/16|*.169.254/16"/>
  </properties>
</testsuite>